<?xml version="1.0" encoding="UTF-8"?>
<!-- Generated by org.testng.reporters.JUnitXMLReporter -->
<testsuite hostname="DESKTOP-DUB5UPV" name="Test" tests="4" failures="0" timestamp="20 Oct 2020 10:43:28 GMT" time="0.33" errors="0">
  <testcase name="@AfterMethod quit" time="0.0" classname="testnglearn.Test">
    <failure type="java.lang.NullPointerException">
      <![CDATA[java.lang.NullPointerException
	at testnglearn.Test.quit(Test.java:87)
... Removed 27 stack frames]]>
    </failure>
  </testcase> <!-- @AfterMethod quit -->
  <testcase name="@AfterMethod quit" time="0.0" classname="testnglearn.Test">
    <skipped/>
  </testcase> <!-- @AfterMethod quit -->
  <testcase name="@AfterMethod quit" time="0.0" classname="testnglearn.Test">
    <skipped/>
  </testcase> <!-- @AfterMethod quit -->
  <testcase name="@AfterMethod quit" time="0.0" classname="testnglearn.Test">
    <skipped/>
  </testcase> <!-- @AfterMethod quit -->
  <testcase name="@AfterTest create" time="0.0" classname="testnglearn.Test">
    <skipped/>
  </testcase> <!-- @AfterTest create -->
  <testcase name="data" time="0.007" classname="testnglearn.Test">
    <skipped/>
  </testcase> <!-- data -->
  <testcase name="launching" time="0.003" classname="testnglearn.Test">
    <skipped/>
  </testcase> <!-- launching -->
  <testcase name="navigating" time="0.003" classname="testnglearn.Test">
    <skipped/>
  </testcase> <!-- navigating -->
  <testcase name="senddata" time="0.002" classname="testnglearn.Test">
    <skipped/>
  </testcase> <!-- senddata -->
</testsuite> <!-- Test -->
